<?xml version="1.0" encoding="UTF-8"?>
<testng-results ignored="0" total="1" passed="1" failed="0" skipped="0">
  <reporter-output>
  </reporter-output>
  <suite started-at="2026-01-08T21:33:08 IST" name="Suite" finished-at="2026-01-08T21:33:25 IST" duration-ms="17151">
    <groups>
      <group name="regression">
        <method signature="LoginTest.verifytheUserisabletoLoginUsingValidCredentials()[pri:0, instance:testScript.LoginTest@6f96c77]" name="verifytheUserisabletoLoginUsingValidCredentials" class="testScript.LoginTest"/>
      </group> <!-- regression -->
    </groups>
    <test started-at="2026-01-08T21:33:08 IST" name="Test" finished-at="2026-01-08T21:33:25 IST" duration-ms="17151">
      <class name="testScript.LoginTest">
        <test-method is-config="true" signature="intializeBrowser(java.lang.String)[pri:0, instance:testScript.LoginTest@6f96c77]" started-at="2026-01-08T21:33:08 IST" name="intializeBrowser" finished-at="2026-01-08T21:33:18 IST" duration-ms="9541" status="PASS">
          <params>
            <param index="0">
              <value>
                <![CDATA[Chrome]]>
              </value>
            </param>
          </params>
          <reporter-output>
          </reporter-output>
        </test-method> <!-- intializeBrowser -->
        <test-method signature="verifytheUserisabletoLoginUsingValidCredentials()[pri:0, instance:testScript.LoginTest@6f96c77]" started-at="2026-01-08T21:33:18 IST" name="verifytheUserisabletoLoginUsingValidCredentials" description="Testcase varifies the user can able to login using invalid username and valid password" finished-at="2026-01-08T21:33:24 IST" duration-ms="6551" status="PASS">
          <reporter-output>
          </reporter-output>
        </test-method> <!-- verifytheUserisabletoLoginUsingValidCredentials -->
        <test-method is-config="true" signature="closeBrowser()[pri:0, instance:testScript.LoginTest@6f96c77]" started-at="2026-01-08T21:33:24 IST" name="closeBrowser" finished-at="2026-01-08T21:33:25 IST" duration-ms="917" status="PASS">
          <reporter-output>
          </reporter-output>
        </test-method> <!-- closeBrowser -->
      </class> <!-- testScript.LoginTest -->
    </test> <!-- Test -->
  </suite> <!-- Suite -->
</testng-results>
