<?xml version="1.0" encoding="UTF-8"?>
<!-- Generated by org.testng.reporters.JUnitXMLReporter -->
<testsuite ignored="3" hostname="LAPTOP-TNIIGF2E" failures="0" tests="1" name="ChrometTest" time="13.082" errors="0" timestamp="2026-01-06T20:37:35 IST">
  <testcase classname="testScript.LoginTest" name="verifytheUserisabletoLoginUsingValidCredentials" time="4.47"/>
  <testcase classname="testScript.LoginTest" name="verifytheUserisabletoLoginUsingValidUsernameInValidPassword" time="0.0">
    <ignored/>
  </testcase> <!-- verifytheUserisabletoLoginUsingValidUsernameInValidPassword -->
  <testcase classname="testScript.LoginTest" name="verifytheUserisabletoLoginUsingInValidUsernameValidPassword" time="0.0">
    <ignored/>
  </testcase> <!-- verifytheUserisabletoLoginUsingInValidUsernameValidPassword -->
  <testcase classname="testScript.LoginTest" name="verifytheUserisabletoLoginUsingInValidUsernameInValidPassword" time="0.0">
    <ignored/>
  </testcase> <!-- verifytheUserisabletoLoginUsingInValidUsernameInValidPassword -->
</testsuite> <!-- ChrometTest -->
