<?xml version="1.0" encoding="UTF-8"?>
<!-- Generated by org.testng.reporters.JUnitXMLReporter -->
<testsuite ignored="3" hostname="LAPTOP-TNIIGF2E" failures="0" tests="1" name="FirefoxTest" time="15.084" errors="0" timestamp="2026-01-06T20:37:50 IST">
  <testcase classname="testScript.LoginTest" name="verifytheUserisabletoLoginUsingInValidUsernameValidPassword" time="1.223"/>
  <testcase classname="testScript.LoginTest" name="verifytheUserisabletoLoginUsingValidCredentials" time="0.0">
    <ignored/>
  </testcase> <!-- verifytheUserisabletoLoginUsingValidCredentials -->
  <testcase classname="testScript.LoginTest" name="verifytheUserisabletoLoginUsingValidUsernameInValidPassword" time="0.0">
    <ignored/>
  </testcase> <!-- verifytheUserisabletoLoginUsingValidUsernameInValidPassword -->
  <testcase classname="testScript.LoginTest" name="verifytheUserisabletoLoginUsingInValidUsernameInValidPassword" time="0.0">
    <ignored/>
  </testcase> <!-- verifytheUserisabletoLoginUsingInValidUsernameInValidPassword -->
</testsuite> <!-- FirefoxTest -->
