<?xml version="1.0" encoding="UTF-8"?>
<!-- Generated by org.testng.reporters.JUnitXMLReporter -->
<testsuite ignored="3" hostname="LAPTOP-TNIIGF2E" failures="0" tests="1" name="Test" time="17.151" errors="0" timestamp="2026-01-08T21:33:25 IST">
  <testcase classname="testScript.LoginTest" name="verifytheUserisabletoLoginUsingValidCredentials" time="6.551"/>
  <testcase classname="testScript.LoginTest" name="verifytheUserisabletoLoginUsingInValidUsernameValidPassword" time="0.0">
    <ignored/>
  </testcase> <!-- verifytheUserisabletoLoginUsingInValidUsernameValidPassword -->
  <testcase classname="testScript.LoginTest" name="verifytheUserisabletoLoginUsingInValidUsernameInValidPassword" time="0.0">
    <ignored/>
  </testcase> <!-- verifytheUserisabletoLoginUsingInValidUsernameInValidPassword -->
  <testcase classname="testScript.LoginTest" name="verifytheUserisabletoLoginUsingValidUsernameInValidPassword" time="0.0">
    <ignored/>
  </testcase> <!-- verifytheUserisabletoLoginUsingValidUsernameInValidPassword -->
</testsuite> <!-- Test -->
